2025-03-11 10:21:19 Request started
POST data: Array
(
)

FILES data: Array
(
)

2025-03-11 10:21:40 Request started
POST data: Array
(
)

FILES data: Array
(
)

2025-03-11 10:21:43 Request started
POST data: Array
(
)

FILES data: Array
(
)

2025-03-11 10:21:43 Request started
POST data: Array
(
)

FILES data: Array
(
)

2025-03-11 10:28:11 Request started
POST data: Array
(
)

FILES data: Array
(
)

2025-03-11 10:30:31 Request started
POST data: Array
(
)

FILES data: Array
(
)

2025-03-11 10:31:08 Request started
POST data: Array
(
)

FILES data: Array
(
)

2025-03-11 10:31:25 Request started
POST data: Array
(
)

FILES data: Array
(
)

2025-03-11 10:34:32 Request started
POST data: Array
(
)

FILES data: Array
(
)

2025-03-11 10:34:39 Request started
POST data: Array
(
)

FILES data: Array
(
)

2025-03-11 10:34:41 Request started
POST data: Array
(
)

FILES data: Array
(
)

2025-03-11 10:34:43 Request started
POST data: Array
(
)

FILES data: Array
(
)

2025-03-11 10:34:52 Request started
POST data: Array
(
)

FILES data: Array
(
)

2025-03-11 10:40:39 Request started
POST data: Array
(
)

FILES data: Array
(
)

2025-03-11 10:40:41 Request started
POST data: Array
(
)

FILES data: Array
(
)

2025-03-11 10:40:42 Request started
POST data: Array
(
)

FILES data: Array
(
)

2025-03-11 10:44:28 Request started
POST data: Array
(
)

FILES data: Array
(
)

2025-03-11 10:53:02 Request started
POST data: Array
(
)

FILES data: Array
(
)

2025-03-11 10:56:42 Request started
POST data: Array
(
)

FILES data: Array
(
)

2025-03-11 11:04:56 Request started
POST data: Array
(
)

FILES data: Array
(
)

2025-03-11 11:09:13 Request started
POST data: Array
(
)

FILES data: Array
(
)

2025-03-11 11:14:59 Request started
POST data: Array
(
)

FILES data: Array
(
)

2025-03-11 11:20:53 Request started
POST data: Array
(
)

FILES data: Array
(
)

2025-03-11 11:24:03 Request started
POST data: Array
(
)

FILES data: Array
(
)

2025-03-11 11:41:22 Request started
POST data: Array
(
)

FILES data: Array
(
)

2025-03-11 12:06:31 Request started
POST data: Array
(
)

FILES data: Array
(
)

2025-03-11 12:23:52 Request started
POST data: Array
(
)

FILES data: Array
(
)

2025-03-11 12:27:43 Request started
POST data: Array
(
)

FILES data: Array
(
)

2025-03-11 12:31:46 Request started
POST data: Array
(
)

FILES data: Array
(
)

2025-03-11 15:33:19 Request started
POST data: Array
(
)

FILES data: Array
(
)

2025-03-11 16:53:28 Request started
POST data: Array
(
)

FILES data: Array
(
)

2025-03-11 17:08:14 Request started
POST data: Array
(
)

FILES data: Array
(
)

2025-03-11 17:11:20 Request started
POST data: Array
(
)

FILES data: Array
(
)

2025-03-11 17:16:54 Request started
POST data: Array
(
)

FILES data: Array
(
)

2025-03-11 17:18:34 Request started
POST data: Array
(
    [title] => dsfhgdfg dfhd fhdf
    [description] => dgfgh dfhsd fdfsh dfhdfh df
    [category_id] => 1
    [location] => Jaipur
    [location_id] => 
    [tags] => 
    [country_code] => +91
    [phone] => 87326482364
    [age] => 34
    [height] => 344
    [weight] => 33
    [sexuality] => Straight
    [price] => 20
    [currency] => USD
    [price_type] => per_hour
    [main_image_index] => 0
    [social_media_type] => Array
        (
            [0] => whatsapp
            [1] => facebook
        )

    [social_media_input_type] => Array
        (
            [0] => number
            [1] => username
        )

    [social_media_value] => Array
        (
            [0] => 
            [1] => 
        )

)

FILES data: Array
(
    [images] => Array
        (
            [name] => Array
                (
                    [0] => 
                )

            [full_path] => Array
                (
                    [0] => 
                )

            [type] => Array
                (
                    [0] => 
                )

            [tmp_name] => Array
                (
                    [0] => 
                )

            [error] => Array
                (
                    [0] => 4
                )

            [size] => Array
                (
                    [0] => 0
                )

        )

)

2025-03-11 18:08:39 Request started
POST data: Array
(
)

FILES data: Array
(
)

2025-03-11 18:10:05 Request started
POST data: Array
(
    [title] => dfhfd dfnfg
    [description] => dfhngn fgngf gfngf
    [category_id] => 4
    [location] => Jaipur
    [location_id] => 
    [tags] => 
    [country_code] => +91
    [phone] => 873264823
    [age] => 34
    [height] => 34
    [weight] => 344
    [sexuality] => Straight
    [price] => 23
    [currency] => INR
    [price_type] => per_hour
    [main_image_index] => 0
    [social_media_type] => Array
        (
            [0] => whatsapp
        )

    [social_media_input_type] => Array
        (
            [0] => number
        )

    [social_media_value] => Array
        (
            [0] => 9521357598
        )

)

FILES data: Array
(
    [images] => Array
        (
            [name] => Array
                (
                    [0] => 
                )

            [full_path] => Array
                (
                    [0] => 
                )

            [type] => Array
                (
                    [0] => 
                )

            [tmp_name] => Array
                (
                    [0] => 
                )

            [error] => Array
                (
                    [0] => 4
                )

            [size] => Array
                (
                    [0] => 0
                )

        )

)

2025-03-11 18:30:22 Request started
POST data: Array
(
    [title] => dfhfd dfnfg
    [description] => dfhngn fgngf gfngf
    [category_id] => 4
    [location] => Jaipur
    [location_id] => 
    [tags] => 
    [country_code] => +91
    [phone] => 873264823
    [age] => 34
    [height] => 34
    [weight] => 344
    [sexuality] => Straight
    [price] => 23
    [currency] => INR
    [price_type] => per_hour
    [main_image_index] => 0
    [social_media_type] => Array
        (
            [0] => whatsapp
        )

    [social_media_input_type] => Array
        (
            [0] => number
        )

    [social_media_value] => Array
        (
            [0] => 9521357598
        )

)

FILES data: Array
(
    [images] => Array
        (
            [name] => Array
                (
                    [0] => 
                )

            [full_path] => Array
                (
                    [0] => 
                )

            [type] => Array
                (
                    [0] => 
                )

            [tmp_name] => Array
                (
                    [0] => 
                )

            [error] => Array
                (
                    [0] => 4
                )

            [size] => Array
                (
                    [0] => 0
                )

        )

)

2025-03-11 18:31:21 Request started
POST data: Array
(
    [title] => dfbdfbdf
    [description] => dfhbgfbhdfgbhgfbh
    [category_id] => 4
    [location] => Jaipur
    [location_id] => 
    [tags] => 
    [country_code] => +91
    [phone] => 5455664456
    [age] => 45
    [height] => 344
    [weight] => 54
    [sexuality] => Lesbian
    [price] => 45
    [currency] => INR
    [price_type] => per_hour
    [main_image_index] => 0
    [social_media_type] => Array
        (
            [0] => whatsapp
        )

    [social_media_input_type] => Array
        (
            [0] => number
        )

    [social_media_value] => Array
        (
            [0] => 9521357598
        )

)

FILES data: Array
(
    [images] => Array
        (
            [name] => Array
                (
                    [0] => 
                )

            [full_path] => Array
                (
                    [0] => 
                )

            [type] => Array
                (
                    [0] => 
                )

            [tmp_name] => Array
                (
                    [0] => 
                )

            [error] => Array
                (
                    [0] => 4
                )

            [size] => Array
                (
                    [0] => 0
                )

        )

)

2025-03-11 18:32:29 Request started
POST data: Array
(
    [title] => dfbdfbdf
    [description] => dfhbgfbhdfgbhgfbh
    [category_id] => 4
    [location] => Jaipur
    [location_id] => 
    [tags] => 
    [country_code] => +91
    [phone] => 5455664456
    [age] => 45
    [height] => 344
    [weight] => 54
    [sexuality] => Lesbian
    [price] => 45
    [currency] => INR
    [price_type] => per_hour
    [main_image_index] => 0
    [social_media_type] => Array
        (
            [0] => whatsapp
        )

    [social_media_input_type] => Array
        (
            [0] => number
        )

    [social_media_value] => Array
        (
            [0] => 9521357598
        )

)

FILES data: Array
(
    [images] => Array
        (
            [name] => Array
                (
                    [0] => 
                )

            [full_path] => Array
                (
                    [0] => 
                )

            [type] => Array
                (
                    [0] => 
                )

            [tmp_name] => Array
                (
                    [0] => 
                )

            [error] => Array
                (
                    [0] => 4
                )

            [size] => Array
                (
                    [0] => 0
                )

        )

)

2025-03-11 18:32:34 Request started
POST data: Array
(
    [title] => dfbdfbdf
    [description] => dfhbgfbhdfgbhgfbh
    [category_id] => 4
    [location] => Jaipur
    [location_id] => 
    [tags] => 
    [country_code] => +91
    [phone] => 5455664456
    [age] => 45
    [height] => 344
    [weight] => 54
    [sexuality] => Lesbian
    [price] => 45
    [currency] => INR
    [price_type] => per_hour
    [main_image_index] => 0
    [social_media_type] => Array
        (
            [0] => whatsapp
        )

    [social_media_input_type] => Array
        (
            [0] => number
        )

    [social_media_value] => Array
        (
            [0] => 9521357598
        )

)

FILES data: Array
(
    [images] => Array
        (
            [name] => Array
                (
                    [0] => 
                )

            [full_path] => Array
                (
                    [0] => 
                )

            [type] => Array
                (
                    [0] => 
                )

            [tmp_name] => Array
                (
                    [0] => 
                )

            [error] => Array
                (
                    [0] => 4
                )

            [size] => Array
                (
                    [0] => 0
                )

        )

)

2025-03-11 18:33:24 Request started
POST data: Array
(
    [title] => cvnhngchn
    [description] => cghhjncgfhfg
    [category_id] => 4
    [location] => Jaipur
    [location_id] => 
    [tags] => 
    [country_code] => +91
    [phone] => 5555555555
    [age] => 45
    [height] => 44
    [weight] => 44
    [sexuality] => Straight
    [price] => 44
    [currency] => INR
    [price_type] => per_hour
    [main_image_index] => 0
    [social_media_type] => Array
        (
            [0] => whatsapp
        )

    [social_media_input_type] => Array
        (
            [0] => number
        )

    [social_media_value] => Array
        (
            [0] => 9521357598
        )

)

FILES data: Array
(
    [images] => Array
        (
            [name] => Array
                (
                    [0] => 
                )

            [full_path] => Array
                (
                    [0] => 
                )

            [type] => Array
                (
                    [0] => 
                )

            [tmp_name] => Array
                (
                    [0] => 
                )

            [error] => Array
                (
                    [0] => 4
                )

            [size] => Array
                (
                    [0] => 0
                )

        )

)

2025-03-11 18:47:23 Request started
POST data: Array
(
)

FILES data: Array
(
)

2025-03-11 18:49:35 Request started
POST data: Array
(
    [title] => resresresrsr
    [description] => erstrsrtdsgxngfshhg
    [category_id] => 4
    [location] => Jaipur
    [location_id] => 
    [tags] => 
    [country_code] => +91
    [phone] => 5555555555
    [age] => 67
    [height] => 677
    [weight] => 867
    [sexuality] => Straight
    [price] => 78
    [currency] => INR
    [price_type] => per_hour
    [main_image_index] => 0
    [has_images] => true
    [social_media_type] => Array
        (
            [0] => whatsapp
        )

    [social_media_input_type] => Array
        (
            [0] => number
        )

    [social_media_value] => Array
        (
            [0] => 9521357598
        )

)

FILES data: Array
(
    [images] => Array
        (
            [name] => Array
                (
                    [0] => 
                )

            [full_path] => Array
                (
                    [0] => 
                )

            [type] => Array
                (
                    [0] => 
                )

            [tmp_name] => Array
                (
                    [0] => 
                )

            [error] => Array
                (
                    [0] => 4
                )

            [size] => Array
                (
                    [0] => 0
                )

        )

)

2025-03-11 18:54:40 Request started
POST data: Array
(
    [title] => resresresrsr
    [description] => erstrsrtdsgxngfshhg
    [category_id] => 4
    [location] => Jaipur
    [location_id] => 
    [tags] => 
    [country_code] => +91
    [phone] => 5555555555
    [age] => 67
    [height] => 677
    [weight] => 867
    [sexuality] => Straight
    [price] => 78
    [currency] => INR
    [price_type] => per_hour
    [main_image_index] => 0
    [has_images] => true
    [social_media_type] => Array
        (
            [0] => whatsapp
        )

    [social_media_input_type] => Array
        (
            [0] => number
        )

    [social_media_value] => Array
        (
            [0] => 9521357598
        )

)

FILES data: Array
(
    [images] => Array
        (
            [name] => Array
                (
                    [0] => 
                )

            [full_path] => Array
                (
                    [0] => 
                )

            [type] => Array
                (
                    [0] => 
                )

            [tmp_name] => Array
                (
                    [0] => 
                )

            [error] => Array
                (
                    [0] => 4
                )

            [size] => Array
                (
                    [0] => 0
                )

        )

)

2025-03-11 18:54:45 Request started
POST data: Array
(
    [title] => resresresrsr
    [description] => erstrsrtdsgxngfshhg
    [category_id] => 4
    [location] => Jaipur
    [location_id] => 
    [tags] => 
    [country_code] => +91
    [phone] => 5555555555
    [age] => 67
    [height] => 677
    [weight] => 867
    [sexuality] => Straight
    [price] => 78
    [currency] => INR
    [price_type] => per_hour
    [main_image_index] => 0
    [has_images] => true
    [social_media_type] => Array
        (
            [0] => whatsapp
        )

    [social_media_input_type] => Array
        (
            [0] => number
        )

    [social_media_value] => Array
        (
            [0] => 9521357598
        )

)

FILES data: Array
(
    [images] => Array
        (
            [name] => Array
                (
                    [0] => 
                )

            [full_path] => Array
                (
                    [0] => 
                )

            [type] => Array
                (
                    [0] => 
                )

            [tmp_name] => Array
                (
                    [0] => 
                )

            [error] => Array
                (
                    [0] => 4
                )

            [size] => Array
                (
                    [0] => 0
                )

        )

)

2025-03-11 18:54:58 Request started
POST data: Array
(
)

FILES data: Array
(
)

2025-03-11 19:01:29 Request started
POST data: Array
(
)

FILES data: Array
(
)

2025-03-11 19:13:00 Request started
POST data: Array
(
)

FILES data: Array
(
)

2025-03-11 19:13:07 Request started
POST data: Array
(
)

FILES data: Array
(
)

2025-03-11 19:24:53 Request started
POST data: Array
(
)

FILES data: Array
(
)

2025-03-12 09:45:46 Request started
POST data: Array
(
)

FILES data: Array
(
)

2025-03-12 09:46:05 Request started
POST data: Array
(
)

FILES data: Array
(
)

2025-03-12 09:46:17 Request started
POST data: Array
(
)

FILES data: Array
(
)

2025-03-12 09:52:06 Request started
POST data: Array
(
)

FILES data: Array
(
)

2025-03-12 09:52:07 Request started
POST data: Array
(
)

FILES data: Array
(
)

2025-03-12 09:52:07 Request started
POST data: Array
(
)

FILES data: Array
(
)

2025-03-12 09:52:08 Request started
POST data: Array
(
)

FILES data: Array
(
)

2025-03-12 09:52:08 Request started
POST data: Array
(
)

FILES data: Array
(
)

2025-03-12 09:52:08 Request started
POST data: Array
(
)

FILES data: Array
(
)

2025-03-12 09:52:08 Request started
POST data: Array
(
)

FILES data: Array
(
)

2025-03-12 09:52:09 Request started
POST data: Array
(
)

FILES data: Array
(
)

2025-03-12 09:52:09 Request started
POST data: Array
(
)

FILES data: Array
(
)

2025-03-12 09:52:09 Request started
POST data: Array
(
)

FILES data: Array
(
)

2025-03-12 09:52:09 Request started
POST data: Array
(
)

FILES data: Array
(
)

2025-03-12 09:52:09 Request started
POST data: Array
(
)

FILES data: Array
(
)

2025-03-12 09:52:10 Request started
POST data: Array
(
)

FILES data: Array
(
)

2025-03-12 09:52:10 Request started
POST data: Array
(
)

FILES data: Array
(
)

2025-03-12 09:52:10 Request started
POST data: Array
(
)

FILES data: Array
(
)

2025-03-12 09:52:10 Request started
POST data: Array
(
)

FILES data: Array
(
)

2025-03-12 09:52:10 Request started
POST data: Array
(
)

FILES data: Array
(
)

2025-03-12 09:53:17 Request started
POST data: Array
(
)

FILES data: Array
(
)

2025-03-12 10:02:03 Request started
POST data: Array
(
)

FILES data: Array
(
)

2025-03-12 10:02:05 Request started
POST data: Array
(
)

FILES data: Array
(
)

2025-03-12 10:02:06 Request started
POST data: Array
(
)

FILES data: Array
(
)

2025-03-12 10:10:40 Request started
POST data: Array
(
)

FILES data: Array
(
)

2025-03-12 10:10:41 Request started
POST data: Array
(
)

FILES data: Array
(
)

2025-03-12 10:18:42 Request started
POST data: Array
(
)

FILES data: Array
(
)

2025-03-12 10:31:19 Request started
POST data: Array
(
)

FILES data: Array
(
)

2025-03-12 10:36:13 Request started
POST data: Array
(
)

FILES data: Array
(
)

2025-03-12 10:53:26 Request started
POST data: Array
(
)

FILES data: Array
(
)

2025-03-12 11:22:12 Request started
POST data: Array
(
)

FILES data: Array
(
)

2025-03-12 11:22:15 Request started
POST data: Array
(
)

FILES data: Array
(
)

2025-03-12 11:22:17 Request started
POST data: Array
(
)

FILES data: Array
(
)

2025-03-12 11:22:17 Request started
POST data: Array
(
)

FILES data: Array
(
)

2025-03-12 11:22:17 Request started
POST data: Array
(
)

FILES data: Array
(
)

2025-03-12 11:22:17 Request started
POST data: Array
(
)

FILES data: Array
(
)

2025-03-12 11:22:18 Request started
POST data: Array
(
)

FILES data: Array
(
)

2025-03-12 11:22:18 Request started
POST data: Array
(
)

FILES data: Array
(
)

2025-03-12 11:26:11 Request started
POST data: Array
(
)

FILES data: Array
(
)

2025-03-12 11:28:45 Request started
POST data: Array
(
)

FILES data: Array
(
)

2025-03-12 11:53:21 Request started
POST data: Array
(
)

FILES data: Array
(
)

2025-03-12 11:53:23 Request started
POST data: Array
(
)

FILES data: Array
(
)

2025-03-12 12:07:56 Request started
POST data: Array
(
)

FILES data: Array
(
)

2025-03-12 13:42:07 Request started
POST data: Array
(
)

FILES data: Array
(
)

2025-03-12 13:42:33 Request started
POST data: Array
(
)

FILES data: Array
(
)

2025-03-14 19:32:53 Request started
POST data: Array
(
)

FILES data: Array
(
)

2025-03-14 20:38:59 Request started
POST data: Array
(
)

FILES data: Array
(
)

2025-03-14 21:47:15 Request started
POST data: Array
(
)

FILES data: Array
(
)

2025-03-14 21:47:48 Request started
POST data: Array
(
)

FILES data: Array
(
)

2025-03-15 11:25:37 Request started
POST data: Array
(
)

FILES data: Array
(
)

2025-03-15 11:31:01 Request started
POST data: Array
(
)

FILES data: Array
(
)

2025-03-15 11:38:46 Request started
POST data: Array
(
)

FILES data: Array
(
)

2025-03-15 11:39:19 Request started
POST data: Array
(
)

FILES data: Array
(
)

2025-03-15 14:41:57 Request started
POST data: Array
(
)

FILES data: Array
(
)

2025-03-15 15:29:21 Request started
POST data: Array
(
)

FILES data: Array
(
)

2025-03-15 15:29:33 Request started
POST data: Array
(
)

FILES data: Array
(
)

2025-03-15 15:52:32 Request started
POST data: Array
(
)

FILES data: Array
(
)

2025-03-15 16:02:28 Request started
POST data: Array
(
)

FILES data: Array
(
)

2025-03-15 16:03:09 Request started
POST data: Array
(
)

FILES data: Array
(
)

2025-03-15 16:42:06 Request started
POST data: Array
(
)

FILES data: Array
(
)

2025-03-15 17:00:45 Request started
POST data: Array
(
)

FILES data: Array
(
)

2025-03-15 17:03:46 Request started
POST data: Array
(
)

FILES data: Array
(
)

2025-03-15 17:22:30 Request started
POST data: Array
(
)

FILES data: Array
(
)

2025-03-15 18:08:56 Request started
POST data: Array
(
)

FILES data: Array
(
)

2025-03-29 07:27:10 Request started
POST data: Array
(
)

FILES data: Array
(
)

2025-03-31 17:35:12 Request started
POST data: Array
(
)

FILES data: Array
(
)

2025-03-31 18:00:46 Request started
POST data: Array
(
)

FILES data: Array
(
)

2025-03-31 18:08:03 Request started
POST data: Array
(
)

FILES data: Array
(
)

2025-03-31 18:08:21 Request started
POST data: Array
(
)

FILES data: Array
(
)

2025-04-02 01:20:54 Request started
POST data: Array
(
)

FILES data: Array
(
)

2025-04-02 01:46:09 Request started
POST data: Array
(
)

FILES data: Array
(
)

2025-04-02 04:42:03 Request started
POST data: Array
(
)

FILES data: Array
(
)

2025-04-02 04:45:21 Request started
POST data: Array
(
)

FILES data: Array
(
)

2025-04-02 05:02:21 Request started
POST data: Array
(
)

FILES data: Array
(
)

2025-04-02 05:09:11 Request started
POST data: Array
(
)

FILES data: Array
(
)

2025-04-02 05:12:03 Request started
POST data: Array
(
)

FILES data: Array
(
)

2025-04-02 05:16:53 Request started
POST data: Array
(
)

FILES data: Array
(
)

2025-04-02 05:21:07 Request started
POST data: Array
(
)

FILES data: Array
(
)

2025-04-02 05:23:34 Request started
POST data: Array
(
)

FILES data: Array
(
)

2025-04-02 05:27:27 Request started
POST data: Array
(
)

FILES data: Array
(
)

2025-04-02 05:30:45 Request started
POST data: Array
(
)

FILES data: Array
(
)

2025-04-02 05:33:28 Request started
POST data: Array
(
)

FILES data: Array
(
)

2025-04-02 05:33:43 Request started
POST data: Array
(
)

FILES data: Array
(
)

2025-04-02 05:36:13 Request started
POST data: Array
(
)

FILES data: Array
(
)

2025-04-02 05:36:18 Request started
POST data: Array
(
)

FILES data: Array
(
)

2025-04-03 01:02:21 Request started
POST data: Array
(
)

FILES data: Array
(
)

2025-04-03 01:02:32 Request started
POST data: Array
(
)

FILES data: Array
(
)

2025-04-03 01:17:59 Request started
POST data: Array
(
)

FILES data: Array
(
)

2025-04-03 01:18:04 Request started
POST data: Array
(
)

FILES data: Array
(
)

2025-04-03 01:18:15 Request started
POST data: Array
(
)

FILES data: Array
(
)

2025-04-03 01:18:27 Request started
POST data: Array
(
)

FILES data: Array
(
)

2025-04-03 01:50:26 Request started
POST data: Array
(
)

FILES data: Array
(
)

2025-04-03 01:50:30 Request started
POST data: Array
(
)

FILES data: Array
(
)

2025-04-03 01:52:09 Request started
POST data: Array
(
)

FILES data: Array
(
)

2025-04-03 01:54:24 Request started
POST data: Array
(
)

FILES data: Array
(
)

2025-04-03 01:57:45 Request started
POST data: Array
(
)

FILES data: Array
(
)

2025-04-03 01:57:53 Request started
POST data: Array
(
)

FILES data: Array
(
)

2025-04-03 02:01:04 Request started
POST data: Array
(
)

FILES data: Array
(
)

2025-04-03 02:04:42 Request started
POST data: Array
(
)

FILES data: Array
(
)

2025-04-03 02:13:36 Request started
POST data: Array
(
)

FILES data: Array
(
)

2025-04-03 02:17:30 Request started
POST data: Array
(
)

FILES data: Array
(
)

2025-04-03 02:20:13 Request started
POST data: Array
(
)

FILES data: Array
(
)

2025-04-03 02:27:54 Request started
POST data: Array
(
)

FILES data: Array
(
)

2025-04-03 02:32:21 Request started
POST data: Array
(
)

FILES data: Array
(
)

2025-04-03 02:41:23 Request started
POST data: Array
(
)

FILES data: Array
(
)

2025-04-03 02:48:09 Request started
POST data: Array
(
)

FILES data: Array
(
)

2025-04-03 02:50:32 Request started
POST data: Array
(
)

FILES data: Array
(
)

2025-04-03 02:54:38 Request started
POST data: Array
(
)

FILES data: Array
(
)

2025-04-03 03:02:06 Request started
POST data: Array
(
)

FILES data: Array
(
)

2025-04-03 03:05:26 Request started
POST data: Array
(
)

FILES data: Array
(
)

2025-04-03 03:07:20 Request started
POST data: Array
(
)

FILES data: Array
(
)

2025-04-03 03:14:07 Request started
POST data: Array
(
)

FILES data: Array
(
)

2025-04-03 03:16:26 Request started
POST data: Array
(
)

FILES data: Array
(
)

2025-04-03 04:50:09 Request started
POST data: Array
(
)

FILES data: Array
(
)

2025-04-03 04:54:39 Request started
POST data: Array
(
)

FILES data: Array
(
)

2025-04-03 05:01:47 Request started
POST data: Array
(
)

FILES data: Array
(
)

2025-04-03 05:05:11 Request started
POST data: Array
(
)

FILES data: Array
(
)

2025-04-03 05:12:13 Request started
POST data: Array
(
)

FILES data: Array
(
)

2025-04-03 05:14:13 Request started
POST data: Array
(
)

FILES data: Array
(
)

2025-04-03 05:17:07 Request started
POST data: Array
(
)

FILES data: Array
(
)

2025-04-03 05:20:51 Request started
POST data: Array
(
)

FILES data: Array
(
)

2025-04-03 18:36:08 Request started
POST data: Array
(
)

FILES data: Array
(
)

2025-04-03 18:43:55 Request started
POST data: Array
(
)

FILES data: Array
(
)

2025-04-03 18:53:30 Request started
POST data: Array
(
)

FILES data: Array
(
)

2025-04-03 18:58:56 Request started
POST data: Array
(
)

FILES data: Array
(
)

2025-04-03 19:07:16 Request started
POST data: Array
(
)

FILES data: Array
(
)

2025-04-03 19:15:25 Request started
POST data: Array
(
)

FILES data: Array
(
)

2025-04-03 19:15:30 Request started
POST data: Array
(
)

FILES data: Array
(
)

2025-04-03 19:15:34 Request started
POST data: Array
(
)

FILES data: Array
(
)

2025-04-03 19:15:38 Request started
POST data: Array
(
)

FILES data: Array
(
)

2025-04-03 19:15:42 Request started
POST data: Array
(
)

FILES data: Array
(
)

2025-04-03 19:15:46 Request started
POST data: Array
(
)

FILES data: Array
(
)

